2017-07-19 19:11:41 [WlwReqHead:<?xml version='1.0' encoding='UTF-8'?><InterBOSS><Version>0100</Version><TestFlag>0</TestFlag><BIPType><BIPCode>BIP3A247</BIPCode><ActivityCode>T3000247</ActivityCode><ActionCode>0</ActionCode></BIPType><RoutingInfo><OrigDomain>BOSS</OrigDomain><RouteType>00</RouteType><Routing><HomeDomain>UMMP</HomeDomain><RouteValue>998</RouteValue></Routing></RoutingInfo><TransInfo><SessionID>UMPPBIP3A228201404121546311170</SessionID><TransIDO>UMPPT3000206201404121546311171</TransIDO><TransIDOTime>20140412154631</TransIDOTime></TransInfo></InterBOSS>] [WlwReqBody:<?xml version="1.0" encoding="UTF-8"?><InterBOSS><SvcCont><![CDATA[<?xml version="1.0" encoding="UTF-8"?><PcardReceiveReq><BusiType>hf01</BusiType><PCardType>002</PCardType><LoginType>0</LoginType><LoginNo>13754845522</LoginNo><BusiCode></BusiCode><BizType>00</BizType><OprType>2</OprType><OptSeq>1020170715886097739899344896_1320170715886094639996207104_351</OptSeq><SerialNumber>UMMP1111111111110007</SerialNumber></PcardReceiveReq>]]></SvcCont></InterBOSS>] [CardReqMsg:] [Url:] [CardRspMsg:{"data":null,"retCode":"2998","retMsg":"Call /chnesb/shopCard/config/Req_BIP3A247_T3000247.tpl.py Fail [render tmmplate /chnesb/shopCard/config/Req_BIP3A247_T3000247.tpl.py error:

Traceback (most recent call last):
  File "/chnesb/shopCard/MyMako.py", line 90, in runtpl
    mytemplate.render_context(ctx)
  File "/chnesb/work/mypy/pyhome/lib/python2.7/site-packages/Mako-1.0.1-py2.7.egg/mako/template.py", line 466, in render_context
    **kwargs)
  File "/chnesb/work/mypy/pyhome/lib/python2.7/site-packages/Mako-1.0.1-py2.7.egg/mako/runtime.py", line 835, in _render_context
    _exec_template(inherit, lclcontext, args=args, kwargs=kwargs)
  File "/chnesb/work/mypy/pyhome/lib/python2.7/site-packages/Mako-1.0.1-py2.7.egg/mako/runtime.py", line 860, in _exec_template
    callable_(context, *args, **kwargs)
  File "memory:0x144af10", line 1, in render_body
    <%
  File "/chnesb/work/mypy/pyhome/lib/python2.7/site-packages/Mako-1.0.1-py2.7.egg/mako/runtime.py", line 222, in __str__
    raise NameError("Undefined")
NameError: Undefined
]"}] [WlwRspMsg:<?xml version="1.0" encoding="UTF-8"?><InterBOSS><Version>0100</Version><TestFlag>0</TestFlag><BIPType><BIPCode>BIP3A247</BIPCode><ActivityCode>T3000247</ActivityCode><ActionCode>1</ActionCode></BIPType><RoutingInfo><OrigDomain>BOSS</OrigDomain><RouteType>00</RouteType><Routing><HomeDomain>UMMP</HomeDomain><RouteValue>998</RouteValue></Routing></RoutingInfo><TransInfo><SessionID>UMPPBIP3A228201404121546311170</SessionID><TransIDO>UMPPT3000206201404121546311171</TransIDO><TransIDOTime>20140412154631</TransIDOTime><TransIDH>UMPPT3000206201404121546311171</TransIDH><TransIDHTime>20170719191141</TransIDHTime></TransInfo><SNReserve></SNReserve><Response><RspType>2</RspType><RspCode>2998</RspCode><RspDesc>Error</RspDesc></Response><SvcCont><![CDATA[<PcardReceiveRsp><RspCode>2999</RspCode><RspDesc>Error</RspDesc></PcardReceiveRsp>]]></SvcCont></InterBOSS>
]2017-07-19 19:13:14 [WlwReqHead:<?xml version='1.0' encoding='UTF-8'?><InterBOSS><Version>0100</Version><TestFlag>0</TestFlag><BIPType><BIPCode>BIP3A247</BIPCode><ActivityCode>T3000247</ActivityCode><ActionCode>0</ActionCode></BIPType><RoutingInfo><OrigDomain>BOSS</OrigDomain><RouteType>00</RouteType><Routing><HomeDomain>UMMP</HomeDomain><RouteValue>998</RouteValue></Routing></RoutingInfo><TransInfo><SessionID>UMPPBIP3A228201404121546311170</SessionID><TransIDO>UMPPT3000206201404121546311171</TransIDO><TransIDOTime>20140412154631</TransIDOTime></TransInfo></InterBOSS>] [WlwReqBody:<?xml version="1.0" encoding="UTF-8"?><InterBOSS><SvcCont><![CDATA[<?xml version="1.0" encoding="UTF-8"?><PcardReceiveReq><BusiType>hf01</BusiType><PCardType>002</PCardType><LoginType>0</LoginType><LoginNo>13754845522</LoginNo><BusiCode></BusiCode><BizType>00</BizType><OprType>2</OprType><OptSeq>1020170715886097739899344896_1320170715886094639996207104_351</OptSeq><SerialNumber>UMMP1111111111110007</SerialNumber></PcardReceiveReq>]]></SvcCont></InterBOSS>] [CardReqMsg:] [Url:] [CardRspMsg:{"data":null,"retCode":"2998","retMsg":"Call /chnesb/shopCard/config/Req_BIP3A247_T3000247.tpl.py Fail [render tmmplate /chnesb/shopCard/config/Req_BIP3A247_T3000247.tpl.py error:

Traceback (most recent call last):
  File "/chnesb/shopCard/MyMako.py", line 90, in runtpl
    mytemplate.render_context(ctx)
  File "/chnesb/work/mypy/pyhome/lib/python2.7/site-packages/Mako-1.0.1-py2.7.egg/mako/template.py", line 466, in render_context
    **kwargs)
  File "/chnesb/work/mypy/pyhome/lib/python2.7/site-packages/Mako-1.0.1-py2.7.egg/mako/runtime.py", line 835, in _render_context
    _exec_template(inherit, lclcontext, args=args, kwargs=kwargs)
  File "/chnesb/work/mypy/pyhome/lib/python2.7/site-packages/Mako-1.0.1-py2.7.egg/mako/runtime.py", line 860, in _exec_template
    callable_(context, *args, **kwargs)
  File "memory:0x1afcd50", line 1, in render_body
    <%
  File "/chnesb/work/mypy/pyhome/lib/python2.7/site-packages/Mako-1.0.1-py2.7.egg/mako/runtime.py", line 222, in __str__
    raise NameError("Undefined")
NameError: Undefined
]"}] [WlwRspMsg:<?xml version="1.0" encoding="UTF-8"?><InterBOSS><Version>0100</Version><TestFlag>0</TestFlag><BIPType><BIPCode>BIP3A247</BIPCode><ActivityCode>T3000247</ActivityCode><ActionCode>1</ActionCode></BIPType><RoutingInfo><OrigDomain>BOSS</OrigDomain><RouteType>00</RouteType><Routing><HomeDomain>UMMP</HomeDomain><RouteValue>998</RouteValue></Routing></RoutingInfo><TransInfo><SessionID>UMPPBIP3A228201404121546311170</SessionID><TransIDO>UMPPT3000206201404121546311171</TransIDO><TransIDOTime>20140412154631</TransIDOTime><TransIDH>UMPPT3000206201404121546311171</TransIDH><TransIDHTime>20170719191314</TransIDHTime></TransInfo><SNReserve></SNReserve><Response><RspType>2</RspType><RspCode>2998</RspCode><RspDesc>Error</RspDesc></Response><SvcCont><![CDATA[<PcardReceiveRsp><RspCode>2999</RspCode><RspDesc>Error</RspDesc></PcardReceiveRsp>]]></SvcCont></InterBOSS>
]
